[debug] [2023-11-01T09:02:22.077Z] ----------------------------------------------------------------------
[debug] [2023-11-01T09:02:22.083Z] Command:       C:\Program Files\nodejs\node.exe C:\Users\bhavy\AppData\Roaming\npm\node_modules\firebase-tools\lib\bin\firebase.js init hosting
[debug] [2023-11-01T09:02:22.083Z] CLI Version:   12.7.0
[debug] [2023-11-01T09:02:22.084Z] Platform:      win32
[debug] [2023-11-01T09:02:22.084Z] Node Version:  v20.5.1
[debug] [2023-11-01T09:02:22.084Z] Time:          Wed Nov 01 2023 14:32:22 GMT+0530 (India Standard Time)
[debug] [2023-11-01T09:02:22.084Z] ----------------------------------------------------------------------
[debug] 
[debug] [2023-11-01T09:02:22.098Z] > command requires scopes: ["email","openid","https://www.googleapis.com/auth/cloudplatformprojects.readonly","https://www.googleapis.com/auth/firebase","https://www.googleapis.com/auth/cloud-platform"]
[debug] [2023-11-01T09:02:22.099Z] > authorizing via signed-in user (bhavyavardhanjain@gmail.com)
[info] 
     ######## #### ########  ######## ########     ###     ######  ########
     ##        ##  ##     ## ##       ##     ##  ##   ##  ##       ##
     ######    ##  ########  ######   ########  #########  ######  ######
     ##        ##  ##    ##  ##       ##     ## ##     ##       ## ##
     ##       #### ##     ## ######## ########  ##     ##  ######  ########

You're about to initialize a Firebase project in this directory:

  C:\Users\bhavy\OneDrive\Desktop\programming\PE- Project\amazon

[info] 
=== Project Setup
[info] 
[info] First, let's associate this project directory with a Firebase project.
[info] You can create multiple project aliases by running firebase use --add, 
[info] but for now we'll just set up a default project.
[info] 
[debug] [2023-11-01T09:02:33.022Z] > refreshing access token with scopes: []
[debug] [2023-11-01T09:02:33.025Z] >>> [apiv2][query] POST https://www.googleapis.com/oauth2/v3/token [none]
[debug] [2023-11-01T09:02:33.025Z] >>> [apiv2][body] POST https://www.googleapis.com/oauth2/v3/token [omitted]
[debug] [2023-11-01T09:02:54.927Z] *** [apiv2] error from fetch(https://www.googleapis.com/oauth2/v3/token, {"headers":{},"method":"POST","body":{"_overheadLength":545,"_valueLength":212,"_valuesToMeasure":[],"writable":false,"readable":true,"dataSize":0,"maxDataSize":2097152,"pauseStreams":true,"_released":true,"_streams":[],"_currentStream":null,"_insideLoop":false,"_pendingNext":false,"_boundary":"--------------------------881679204621544876481255","_events":{},"_eventsCount":1}}): FetchError: request to https://www.googleapis.com/oauth2/v3/token failed, reason: read ECONNRESET
[debug] [2023-11-01T09:02:54.928Z] Authentication Error: Your credentials are no longer valid. Please run firebase login --reauth

For CI servers and headless environments, generate a new token with firebase login:ci
[debug] [2023-11-01T09:02:59.945Z] Error: Timed out.
    at Timeout._onTimeout (C:\Users\bhavy\AppData\Roaming\npm\node_modules\firebase-tools\lib\utils.js:254:49)
    at listOnTimeout (node:internal/timers:573:17)
    at process.processTimers (node:internal/timers:514:7)
[error] 
[error] Error: An unexpected error has occurred.
[debug] [2023-11-01T09:03:12.864Z] ----------------------------------------------------------------------
[debug] [2023-11-01T09:03:12.869Z] Command:       C:\Program Files\nodejs\node.exe C:\Users\bhavy\AppData\Roaming\npm\node_modules\firebase-tools\lib\bin\firebase.js init hosting
[debug] [2023-11-01T09:03:12.870Z] CLI Version:   12.7.0
[debug] [2023-11-01T09:03:12.870Z] Platform:      win32
[debug] [2023-11-01T09:03:12.871Z] Node Version:  v20.5.1
[debug] [2023-11-01T09:03:12.871Z] Time:          Wed Nov 01 2023 14:33:12 GMT+0530 (India Standard Time)
[debug] [2023-11-01T09:03:12.871Z] ----------------------------------------------------------------------
[debug] 
[debug] [2023-11-01T09:03:12.885Z] > command requires scopes: ["email","openid","https://www.googleapis.com/auth/cloudplatformprojects.readonly","https://www.googleapis.com/auth/firebase","https://www.googleapis.com/auth/cloud-platform"]
[debug] [2023-11-01T09:03:12.886Z] > authorizing via signed-in user (bhavyavardhanjain@gmail.com)
[info] 
     ######## #### ########  ######## ########     ###     ######  ########
     ##        ##  ##     ## ##       ##     ##  ##   ##  ##       ##
     ######    ##  ########  ######   ########  #########  ######  ######
     ##        ##  ##    ##  ##       ##     ## ##     ##       ## ##
     ##       #### ##     ## ######## ########  ##     ##  ######  ########

You're about to initialize a Firebase project in this directory:

  C:\Users\bhavy\OneDrive\Desktop\programming\PE- Project\amazon

[info] 
=== Project Setup
[info] 
[info] First, let's associate this project directory with a Firebase project.
[info] You can create multiple project aliases by running firebase use --add, 
[info] but for now we'll just set up a default project.
[info] 
[debug] [2023-11-01T09:03:15.380Z] > refreshing access token with scopes: []
[debug] [2023-11-01T09:03:15.384Z] >>> [apiv2][query] POST https://www.googleapis.com/oauth2/v3/token [none]
[debug] [2023-11-01T09:03:15.384Z] >>> [apiv2][body] POST https://www.googleapis.com/oauth2/v3/token [omitted]
[debug] [2023-11-01T09:03:39.310Z] *** [apiv2] error from fetch(https://www.googleapis.com/oauth2/v3/token, {"headers":{},"method":"POST","body":{"_overheadLength":545,"_valueLength":212,"_valuesToMeasure":[],"writable":false,"readable":true,"dataSize":0,"maxDataSize":2097152,"pauseStreams":true,"_released":true,"_streams":[],"_currentStream":null,"_insideLoop":false,"_pendingNext":false,"_boundary":"--------------------------215935644365305966322283","_events":{},"_eventsCount":1}}): FetchError: request to https://www.googleapis.com/oauth2/v3/token failed, reason: read ECONNRESET
[debug] [2023-11-01T09:03:39.311Z] Authentication Error: Your credentials are no longer valid. Please run firebase login --reauth

For CI servers and headless environments, generate a new token with firebase login:ci
[debug] [2023-11-01T09:03:44.327Z] Error: Timed out.
    at Timeout._onTimeout (C:\Users\bhavy\AppData\Roaming\npm\node_modules\firebase-tools\lib\utils.js:254:49)
    at listOnTimeout (node:internal/timers:573:17)
    at process.processTimers (node:internal/timers:514:7)
[error] 
[error] Error: An unexpected error has occurred.
[debug] [2023-11-01T09:03:54.181Z] ----------------------------------------------------------------------
[debug] [2023-11-01T09:03:54.186Z] Command:       C:\Program Files\nodejs\node.exe C:\Users\bhavy\AppData\Roaming\npm\node_modules\firebase-tools\lib\bin\firebase.js init hosting
[debug] [2023-11-01T09:03:54.187Z] CLI Version:   12.7.0
[debug] [2023-11-01T09:03:54.187Z] Platform:      win32
[debug] [2023-11-01T09:03:54.188Z] Node Version:  v20.5.1
[debug] [2023-11-01T09:03:54.188Z] Time:          Wed Nov 01 2023 14:33:54 GMT+0530 (India Standard Time)
[debug] [2023-11-01T09:03:54.188Z] ----------------------------------------------------------------------
[debug] 
[debug] [2023-11-01T09:03:54.203Z] > command requires scopes: ["email","openid","https://www.googleapis.com/auth/cloudplatformprojects.readonly","https://www.googleapis.com/auth/firebase","https://www.googleapis.com/auth/cloud-platform"]
[debug] [2023-11-01T09:03:54.204Z] > authorizing via signed-in user (bhavyavardhanjain@gmail.com)
[info] 
     ######## #### ########  ######## ########     ###     ######  ########
     ##        ##  ##     ## ##       ##     ##  ##   ##  ##       ##
     ######    ##  ########  ######   ########  #########  ######  ######
     ##        ##  ##    ##  ##       ##     ## ##     ##       ## ##
     ##       #### ##     ## ######## ########  ##     ##  ######  ########

You're about to initialize a Firebase project in this directory:

  C:\Users\bhavy\OneDrive\Desktop\programming\PE- Project\amazon

[info] 
=== Project Setup
[info] 
[info] First, let's associate this project directory with a Firebase project.
[info] You can create multiple project aliases by running firebase use --add, 
[info] but for now we'll just set up a default project.
[info] 
[info] i  If you want to create a project in a Google Cloud organization or folder, please use "firebase projects:create" instead, and return to this command when you've created the project. 
[debug] [2023-11-01T09:04:48.023Z] ----------------------------------------------------------------------
[debug] [2023-11-01T09:04:48.029Z] Command:       C:\Program Files\nodejs\node.exe C:\Users\bhavy\AppData\Roaming\npm\node_modules\firebase-tools\lib\bin\firebase.js init
[debug] [2023-11-01T09:04:48.029Z] CLI Version:   12.7.0
[debug] [2023-11-01T09:04:48.030Z] Platform:      win32
[debug] [2023-11-01T09:04:48.030Z] Node Version:  v20.5.1
[debug] [2023-11-01T09:04:48.031Z] Time:          Wed Nov 01 2023 14:34:48 GMT+0530 (India Standard Time)
[debug] [2023-11-01T09:04:48.031Z] ----------------------------------------------------------------------
[debug] 
[debug] [2023-11-01T09:04:48.045Z] > command requires scopes: ["email","openid","https://www.googleapis.com/auth/cloudplatformprojects.readonly","https://www.googleapis.com/auth/firebase","https://www.googleapis.com/auth/cloud-platform"]
[debug] [2023-11-01T09:04:48.046Z] > authorizing via signed-in user (bhavyavardhanjain@gmail.com)
[info] 
     ######## #### ########  ######## ########     ###     ######  ########
     ##        ##  ##     ## ##       ##     ##  ##   ##  ##       ##
     ######    ##  ########  ######   ########  #########  ######  ######
     ##        ##  ##    ##  ##       ##     ## ##     ##       ## ##
     ##       #### ##     ## ######## ########  ##     ##  ######  ########

You're about to initialize a Firebase project in this directory:

  C:\Users\bhavy\OneDrive\Desktop\programming\PE- Project\amazon

[debug] [2023-11-01T09:05:05.316Z] Error: Timed out.
    at Timeout._onTimeout (C:\Users\bhavy\AppData\Roaming\npm\node_modules\firebase-tools\lib\utils.js:254:49)
    at listOnTimeout (node:internal/timers:573:17)
    at process.processTimers (node:internal/timers:514:7)
[error] 
[error] Error: An unexpected error has occurred.
